<?xml version="1.0" encoding="UTF-8"?>
<!-- Generated by org.testng.reporters.JUnitReportReporter -->
<testsuite hostname="DESKTOP-VDTC3GR" failures="0" tests="1" name="actual.testscripts.shoppingcart" time="15.404" errors="0" timestamp="2024-05-11T18:16:11 BST" skipped="0">
  <testcase classname="actual.testscripts.shoppingcart" name="productsearch" time="15.404">
    <system-out>
      <![CDATA[PRODUCT ADDED TO SHOWCART]]>
    </system-out>
  </testcase> <!-- productsearch -->
  <system-out>
    <![CDATA[Opened Browser
Login
PRODUCT ADDED TO SHOWCART
Logout]]>
  </system-out>
</testsuite> <!-- actual.testscripts.shoppingcart -->
