<?xml version="1.0" encoding="UTF-8"?>
<!-- Generated by org.testng.reporters.JUnitReportReporter -->
<testsuite hostname="DESKTOP-VDTC3GR" failures="0" tests="1" name="LoginFunctionalTest.demo" time="4.419" errors="0" timestamp="2024-05-25T19:30:01 IST" skipped="0">
  <testcase classname="LoginFunctionalTest.demo" name="demoRun" time="4.419">
    <system-out>
      <![CDATA[Demo Web Shop]]>
    </system-out>
  </testcase> <!-- demoRun -->
  <system-out>
    <![CDATA[Opened Browser
Login
Demo Web Shop
Logout]]>
  </system-out>
</testsuite> <!-- LoginFunctionalTest.demo -->
